::1 - - [27/Apr/2026 14:07:03] "GET / HTTP/1.1" 200 -
::1 - - [27/Apr/2026 14:07:16] "GET / HTTP/1.1" 200 -
::1 - - [27/Apr/2026 14:07:16] code 404, message File not found
::1 - - [27/Apr/2026 14:07:16] "GET /favicon.ico HTTP/1.1" 404 -
::1 - - [27/Apr/2026 14:14:30] "GET / HTTP/1.1" 200 -
::1 - - [27/Apr/2026 14:14:32] "GET /koru_sablon.png HTTP/1.1" 200 -
::1 - - [27/Apr/2026 14:17:00] "GET / HTTP/1.1" 200 -
::1 - - [27/Apr/2026 14:19:04] "GET / HTTP/1.1" 200 -
::1 - - [27/Apr/2026 14:21:21] "GET / HTTP/1.1" 200 -
::1 - - [27/Apr/2026 14:21:45] "GET / HTTP/1.1" 304 -
::1 - - [27/Apr/2026 14:24:16] "GET / HTTP/1.1" 200 -
::1 - - [27/Apr/2026 16:01:21] "GET / HTTP/1.1" 200 -
::1 - - [27/Apr/2026 16:02:00] "GET / HTTP/1.1" 200 -
::1 - - [27/Apr/2026 16:02:50] "GET / HTTP/1.1" 304 -
::1 - - [27/Apr/2026 16:03:17] "GET / HTTP/1.1" 200 -
::1 - - [27/Apr/2026 16:03:18] "GET / HTTP/1.1" 304 -
::1 - - [27/Apr/2026 16:03:33] "GET / HTTP/1.1" 200 -
::1 - - [27/Apr/2026 16:03:33] code 404, message File not found
::1 - - [27/Apr/2026 16:03:33] "GET /favicon.ico HTTP/1.1" 404 -
::1 - - [27/Apr/2026 16:04:38] "GET / HTTP/1.1" 200 -
::1 - - [27/Apr/2026 16:04:38] code 404, message File not found
::1 - - [27/Apr/2026 16:04:38] "GET /favicon.ico HTTP/1.1" 404 -
::1 - - [27/Apr/2026 16:04:40] "GET /koru_sablon.png?v=1777295080149 HTTP/1.1" 200 -
